-400
-200
400
-100
-10000
-100
-600
0
-500
100
-100
200
-500
400
700
100
-300
0
100
200
-900
100
600
300
-300
0
0
0
-200
-300
-200
-200
700
300
-400
-200
300
200
300
100
-200
-400
0
-100
400
0
200
-200
-200
-400
300
-300
0
0
0
400
-100
-100
-300
200
-500
0
1100
200
-300
-300
-500
200
-10000
100
400
100
-10000
100
400
-200
800
300
200
0
600
200
300
-200
-700
300
-200
-300
100
-300
-800
-200
200
0
-300
-200
200
-100
-200
200
500
300
0
100
100
-100
600
100
-300
-100
-600
100
600
100
200
300
300
200
-200
200
-400
0
1300
-300
-600
-100
-400
-300
-300
100
400
200
-100
300
-400
-300
0
200
400
-200
-200
300
0
0
-200
-200
0
200
1100
0
200
100
200
-100
300
0
500
-100
-700
100
-200
100
0
-400
-100
100
500
0
900
300
200
-300
-100
200
400
100
0
-200
100
0
-500
-300
0
500
600
400
400
200
0
-100
-400
0
300
0
-200
300
200
0
-10000
400
-10000
-100
500
-200
-100
-300
300
-400
-500
-400
-200
0
-200
-200
0
-200
200
-200
100
-100
-1100
0
100
400
-100
-300
0
-100
400
100
400
300
-200
-200
100
200
400
-200
200
200
100
-100
-200
200
-10000
-200
500
-100
200
-100
0
0
-10000
200
800
-400
400
0
-100
200
700
100
100
100
300
200
-500
-400
200
200
-800
-200
-200
100
300
-100
700
-100
-500
300
0
0
500
200
-300
-100
100
-100
400
-100
700
400
500
-100
100
400
300
-100
700
-300
-100
200
200
200
-100
0
-300
-200
600
200
300
100
-200
100
400
0
100
-300
200
400
-500
-100
300
100
100
300
1000
100
-700
0
300
300
-300
200
200
-100
-10000
0
100
300
-400
-200
-700
100
300
100
200
0
-100
0
0
500
-400
-200
500
100
400
100
500
200
-10000
200
200
400
-300
500
300
300
-600
200
100
-100
300
300
-400
-200
200
200
1000
200
-1000
0
700
300
300
100
-800
-100
-500
400
-100
0
700
200
-1200
400
400
-500
-100
-100
-10000
-400
-400
200
-500
0
700
-100
500
300
-300
0
-100
100
300
0
700
-300
100
-300
600
-300
-200
300
-300
-100
400
100
100
-100
0
100
100
0
-200
-200
0
-100
100
-100
700
0
-500
100
500
300
700
-200
-300
0
-400
100
-200
0
500
100
600
300
300
0
400
0
-400
400
-200
-200
0
100
500
-100
0
100
500
100
500
-100
-300
-100
100
300
-300
100
400
300
-300
300
-10000
-10000
200
-100
-800
0
300
300
200
-200
600
100
600
300
-400
10000
-10000
100
500
400
10000
100
100
200
400
100
10000
100
200
200
900
0
-500
-100
100
100
1000
10000
-600
-300
10000
10000
100
10000
100
0
600
0
100
0
10000
200
-10000
100
-300
10000
300
-200
10000
200
-700
100
10000
100
10000
-200
-200
0
10000
10000
10000
-300
10000
0
10000
400
-10000
-500
100
-100
100
100
-200
300
100
300
400
-400
200
-10000
0
200
-200
-10000
0
-200
100
-500
200
-100
-200
-10000
-200
400
0
-100
200
-100
300
1200
400
600
-100
700
400
200
-100
-200
0
0
-100
-200
100
200
100
-600
100
-300
-100
-300
0
-300
400
600
0
-800
-100
100
-100
300
-200
-600
100
-400
300
-10000
0
100
-200
0
100
-200
400
-500
100
100
-100
0
0
500
300
-200
-200
-200
300
1100
100
-500
-300
-100
300
-300
-100
300
100
-900
100
500
0
-300
200
700
500
-400
0
-700
-300
100
400
-300
-100
0
-100
500
100
0
-100
400
200
200
-100
-200
0
-10000
400
-300
-100
200
0
200
200
-300
400
-100
0
300
-300
-100
100
200
300
-200
0
-10000
0
-200
-200
400
-300
300
-400
800
100
-200
-300
-100
-200
400
300
-700
-100
-800
-100
-600
200
-10000
100
600
100
-1100
-400
-300
300
-500
100
700
-100
100
0
200
0
-700
100
-100
-200
-400
-100
-10000
0
100
300
-100
100
-200
-200
-10000
100
200
200
200
-100
-600
100
400
200
-600
-200
-400
300
100
400
-600
100
-800
-100
-10000
0
400
0
400
-500
500
300
-100
400
100
-200
1300
300
400
-100
1100
-200
-1100
0
-300
-300
0
-100
-10000
-200
500
-100
-100
200
100
-100
800
300
-300
-300
900
200
-900
-200
1100
-100
-10000
-200
-300
200
-200
300
0
100
-600
100
200
-300
0
300
-300
0
-200
200
-400
0
-10000
200
100
0
-200
0
-10000
100
-100
100
-400
300
-200
-300
600
-300
100
-200
-900
0
-500
300
600
200
200
400
500
0
200
-100
-200
300
200
-400
-700
0
-10000
-300
300
0
300
200
100
-300
-100
0
500
0
-200
0
-10000
-100
-300
100
-200
300
-200
-200
200
-300
1000
-200
600
200
300
0
700
-100
-10000
200
-10000
200
-100
-200
600
-100
-600
-100
-100
-100
-600
-200
-10000
0
-100
100
0
-100
400
200
400
-100
-100
0
100
-100
300
0
-100
-300
0
-200
-700
200
500
100
-400
-200
-200
-100
-400
200
0
-100
-10000
-300
400
300
-300
0
200
400
200
-100
-100
300
0
300
-200
500
0
-300
700
300
300
500
-500
-100
-600
-100
600
200
-100
200
-100
200
300
-200
-500
0
100
300
-300
-200
-100
0
-400
