1
7/2p4/2PlpP1/1P5/p6/3L3/7 w 12
fen d2c1 7/2p4/2PlpP1/7/p6/7/2L4 w  2
fen d5c5 7/2p4/2l1pP1/7/p6/7/2L4 b  1
fen d5d6 7/2pl3/2P1pP1/7/p6/7/2L4 b  1
fen d5e6 7/2p1l2/2P1pP1/7/p6/7/2L4 b  1
fen a3a2 7/2p4/2PlpP1/7/7/p6/2L4 b  1
fen a3a4 7/2p4/2PlpP1/p6/7/7/2L4 b  1
fen a3a5 7/2p4/p1PlpP1/7/7/7/2L4 b  1
fen a3b2 7/2p4/2PlpP1/7/7/1p5/2L4 b  1
fen c6b5 7/7/1pPlpP1/7/p6/7/2L4 b  1
fen c6c5 7/7/2plpP1/7/p6/7/2L4 b  1
fen e5d4 7/2p4/2Pl1P1/3p3/p6/7/2L4 b  1
fen e5e4 7/2p4/2Pl1P1/4p2/p6/7/2L4 b  1
fen e5f4 7/2p4/2Pl1P1/5p1/p6/7/2L4 b  1

fen d2c2 7/2p4/2PlpP1/7/p6/2L4/7 w  2
fen d5c5 7/2p4/2l1pP1/7/p6/2L4/7 b  1
fen d5d6 7/2pl3/2P1pP1/7/p6/2L4/7 b  1
fen d5e6 7/2p1l2/2P1pP1/7/p6/2L4/7 b  1
fen a3a2 7/2p4/2PlpP1/7/7/p1L4/7 b  1
fen a3a4 7/2p4/2PlpP1/p6/7/2L4/7 b  1
fen a3a5 7/2p4/p1PlpP1/7/7/2L4/7 b  1
fen a3b2 7/2p4/2PlpP1/7/7/1pL4/7 b  1
fen c6b5 7/7/1pPlpP1/7/p6/2L4/7 b  1
fen c6c5 7/7/2plpP1/7/p6/2L4/7 b  1
fen e5d4 7/2p4/2Pl1P1/3p3/p6/2L4/7 b  1
fen e5e4 7/2p4/2Pl1P1/4p2/p6/2L4/7 b  1
fen e5f4 7/2p4/2Pl1P1/5p1/p6/2L4/7 b  1

fen d2c3 7/2p4/2PlpP1/7/p1L4/7/7 w  2
fen d5c5 7/2p4/2l1pP1/7/p1L4/7/7 b  1
fen d5d6 7/2pl3/2P1pP1/7/p1L4/7/7 b  1
fen d5e6 7/2p1l2/2P1pP1/7/p1L4/7/7 b  1
fen a3a2 7/2p4/2PlpP1/7/2L4/p6/7 b  1
fen a3a4 7/2p4/2PlpP1/p6/2L4/7/7 b  1
fen a3a5 7/2p4/p1PlpP1/7/2L4/7/7 b  1
fen a3b2 7/2p4/2PlpP1/7/2L4/1p5/7 b  1
fen c6b5 7/7/1pPlpP1/7/p1L4/7/7 b  1
fen c6c5 7/7/2plpP1/7/p1L4/7/7 b  1
fen e5d4 7/2p4/2Pl1P1/3p3/p1L4/7/7 b  1
fen e5e4 7/2p4/2Pl1P1/4p2/p1L4/7/7 b  1
fen e5f4 7/2p4/2Pl1P1/5p1/p1L4/7/7 b  1

fen d2d1 7/2p4/2PlpP1/7/p6/7/3L3 w  2
fen d5c5 7/2p4/2l1pP1/7/p6/7/3L3 b  1
fen d5d1 7/2p4/2P1pP1/7/p6/7/3l3 b  1
fen d5d6 7/2pl3/2P1pP1/7/p6/7/3L3 b  1
fen d5e6 7/2p1l2/2P1pP1/7/p6/7/3L3 b  1
fen a3a2 7/2p4/2PlpP1/7/7/p6/3L3 b  1
fen a3a4 7/2p4/2PlpP1/p6/7/7/3L3 b  1
fen a3a5 7/2p4/p1PlpP1/7/7/7/3L3 b  1
fen a3b2 7/2p4/2PlpP1/7/7/1p5/3L3 b  1
fen c6b5 7/7/1pPlpP1/7/p6/7/3L3 b  1
fen c6c5 7/7/2plpP1/7/p6/7/3L3 b  1
fen e5d4 7/2p4/2Pl1P1/3p3/p6/7/3L3 b  1
fen e5e4 7/2p4/2Pl1P1/4p2/p6/7/3L3 b  1
fen e5f4 7/2p4/2Pl1P1/5p1/p6/7/3L3 b  1

fen d2d3 7/2p4/2PlpP1/7/p2L3/7/7 w  2
fen d5c5 7/2p4/2l1pP1/7/p2L3/7/7 b  1
fen d5d3 7/2p4/2P1pP1/7/p2l3/7/7 b  1
fen d5d6 7/2pl3/2P1pP1/7/p2L3/7/7 b  1
fen d5e6 7/2p1l2/2P1pP1/7/p2L3/7/7 b  1
fen a3a2 7/2p4/2PlpP1/7/3L3/p6/7 b  1
fen a3a4 7/2p4/2PlpP1/p6/3L3/7/7 b  1
fen a3a5 7/2p4/p1PlpP1/7/3L3/7/7 b  1
fen a3b2 7/2p4/2PlpP1/7/3L3/1p5/7 b  1
fen c6b5 7/7/1pPlpP1/7/p2L3/7/7 b  1
fen c6c5 7/7/2plpP1/7/p2L3/7/7 b  1
fen e5d4 7/2p4/2Pl1P1/3p3/p2L3/7/7 b  1
fen e5e4 7/2p4/2Pl1P1/4p2/p2L3/7/7 b  1
fen e5f4 7/2p4/2Pl1P1/5p1/p2L3/7/7 b  1

fen d2d5 7/2p4/2PLpP1/7/p6/7/7 w  2
fen d2e1 7/2p4/2PlpP1/7/p6/7/4L2 w  2
fen d5c5 7/2p4/2l1pP1/7/p6/7/4L2 b  1
fen d5d6 7/2pl3/2P1pP1/7/p6/7/4L2 b  1
fen d5e6 7/2p1l2/2P1pP1/7/p6/7/4L2 b  1
fen a3a2 7/2p4/2PlpP1/7/7/p6/4L2 b  1
fen a3a4 7/2p4/2PlpP1/p6/7/7/4L2 b  1
fen a3a5 7/2p4/p1PlpP1/7/7/7/4L2 b  1
fen a3b2 7/2p4/2PlpP1/7/7/1p5/4L2 b  1
fen c6b5 7/7/1pPlpP1/7/p6/7/4L2 b  1
fen c6c5 7/7/2plpP1/7/p6/7/4L2 b  1
fen e5d4 7/2p4/2Pl1P1/3p3/p6/7/4L2 b  1
fen e5e4 7/2p4/2Pl1P1/4p2/p6/7/4L2 b  1
fen e5f4 7/2p4/2Pl1P1/5p1/p6/7/4L2 b  1

fen d2e2 7/2p4/2PlpP1/7/p6/4L2/7 w  2
fen d5c5 7/2p4/2l1pP1/7/p6/4L2/7 b  1
fen d5d6 7/2pl3/2P1pP1/7/p6/4L2/7 b  1
fen d5e6 7/2p1l2/2P1pP1/7/p6/4L2/7 b  1
fen a3a2 7/2p4/2PlpP1/7/7/p3L2/7 b  1
fen a3a4 7/2p4/2PlpP1/p6/7/4L2/7 b  1
fen a3a5 7/2p4/p1PlpP1/7/7/4L2/7 b  1
fen a3b2 7/2p4/2PlpP1/7/7/1p2L2/7 b  1
fen c6b5 7/7/1pPlpP1/7/p6/4L2/7 b  1
fen c6c5 7/7/2plpP1/7/p6/4L2/7 b  1
fen e5d4 7/2p4/2Pl1P1/3p3/p6/4L2/7 b  1
fen e5e4 7/2p4/2Pl1P1/4p2/p6/4L2/7 b  1
fen e5f4 7/2p4/2Pl1P1/5p1/p6/4L2/7 b  1

fen d2e3 7/2p4/2PlpP1/7/p3L2/7/7 w  2
fen d5c5 7/2p4/2l1pP1/7/p3L2/7/7 b  1
fen d5d6 7/2pl3/2P1pP1/7/p3L2/7/7 b  1
fen d5e6 7/2p1l2/2P1pP1/7/p3L2/7/7 b  1
fen a3a2 7/2p4/2PlpP1/7/4L2/p6/7 b  1
fen a3a4 7/2p4/2PlpP1/p6/4L2/7/7 b  1
fen a3a5 7/2p4/p1PlpP1/7/4L2/7/7 b  1
fen a3b2 7/2p4/2PlpP1/7/4L2/1p5/7 b  1
fen c6b5 7/7/1pPlpP1/7/p3L2/7/7 b  1
fen c6c5 7/7/2plpP1/7/p3L2/7/7 b  1
fen e5d4 7/2p4/2Pl1P1/3p3/p3L2/7/7 b  1
fen e5e4 7/2p4/2Pl1P1/4p2/p3L2/7/7 b  1
fen e5f4 7/2p4/2Pl1P1/5p1/p3L2/7/7 b  1

fen b4a5 7/2p4/P1PlpP1/7/p6/3L3/7 w  2
fen d5c5 7/2p4/P1l1pP1/7/p6/3L3/7 b  1
fen d5d2 7/2p4/P1P1pP1/7/p6/3l3/7 b  1
fen d5d6 7/2pl3/P1P1pP1/7/p6/3L3/7 b  1
fen d5e6 7/2p1l2/P1P1pP1/7/p6/3L3/7 b  1
fen a3a2 7/2p4/P1PlpP1/7/7/p2L3/7 b  1
fen a3a4 7/2p4/P1PlpP1/p6/7/3L3/7 b  1
fen a3b2 7/2p4/P1PlpP1/7/7/1p1L3/7 b  1
fen c6b5 7/7/PpPlpP1/7/p6/3L3/7 b  1
fen c6c5 7/7/P1plpP1/7/p6/3L3/7 b  1
fen e5d4 7/2p4/P1Pl1P1/3p3/p6/3L3/7 b  1
fen e5e4 7/2p4/P1Pl1P1/4p2/p6/3L3/7 b  1
fen e5f4 7/2p4/P1Pl1P1/5p1/p6/3L3/7 b  1

fen b4b5 7/2p4/1PPlpP1/7/p6/3L3/7 w  2
fen d5c5 7/2p4/1Pl1pP1/7/p6/3L3/7 b  1
fen d5d2 7/2p4/1PP1pP1/7/p6/3l3/7 b  1
fen d5d6 7/2pl3/1PP1pP1/7/p6/3L3/7 b  1
fen d5e6 7/2p1l2/1PP1pP1/7/p6/3L3/7 b  1
fen a3a2 7/2p4/1PPlpP1/7/7/p2L3/7 b  1
fen a3a4 7/2p4/1PPlpP1/p6/7/3L3/7 b  1
fen a3a5 7/2p4/pPPlpP1/7/7/3L3/7 b  1
fen a3b2 7/2p4/1PPlpP1/7/7/1p1L3/7 b  1
fen c6b5 7/7/1pPlpP1/7/p6/3L3/7 b  1
fen c6c5 7/7/1PplpP1/7/p6/3L3/7 b  1
fen e5d4 7/2p4/1PPl1P1/3p3/p6/3L3/7 b  1
fen e5e4 7/2p4/1PPl1P1/4p2/p6/3L3/7 b  1
fen e5f4 7/2p4/1PPl1P1/5p1/p6/3L3/7 b  1

fen c5b6 7/1Pp4/3lpP1/7/p6/3L3/7 w  2
fen d5c5 7/1Pp4/2l1pP1/7/p6/3L3/7 b  1
fen d5d2 7/1Pp4/4pP1/7/p6/3l3/7 b  1
fen d5d6 7/1Ppl3/4pP1/7/p6/3L3/7 b  1
fen d5e6 7/1Pp1l2/4pP1/7/p6/3L3/7 b  1
fen a3a2 7/1Pp4/3lpP1/7/7/p2L3/7 b  1
fen a3a4 7/1Pp4/3lpP1/p6/7/3L3/7 b  1
fen a3a5 7/1Pp4/p2lpP1/7/7/3L3/7 b  1
fen a3b2 7/1Pp4/3lpP1/7/7/1p1L3/7 b  1
fen c6b5 7/1P5/1p1lpP1/7/p6/3L3/7 b  1
fen c6c5 7/1P5/2plpP1/7/p6/3L3/7 b  1
fen e5d4 7/1Pp4/3l1P1/3p3/p6/3L3/7 b  1
fen e5e4 7/1Pp4/3l1P1/4p2/p6/3L3/7 b  1
fen e5f4 7/1Pp4/3l1P1/5p1/p6/3L3/7 b  1

fen c5c3 7/2p4/3lpP1/7/p1P4/3L3/7 w  2
fen d5c5 7/2p4/2l1pP1/7/p1P4/3L3/7 b  1
fen d5d2 7/2p4/4pP1/7/p1P4/3l3/7 b  1
fen d5d6 7/2pl3/4pP1/7/p1P4/3L3/7 b  1
fen d5e6 7/2p1l2/4pP1/7/p1P4/3L3/7 b  1
fen a3a2 7/2p4/3lpP1/7/2P4/p2L3/7 b  1
fen a3a4 7/2p4/3lpP1/p6/2P4/3L3/7 b  1
fen a3a5 7/2p4/p2lpP1/7/2P4/3L3/7 b  1
fen a3b2 7/2p4/3lpP1/7/2P4/1p1L3/7 b  1
fen c6b5 7/7/1p1lpP1/7/p1P4/3L3/7 b  1
fen c6c5 7/7/2plpP1/7/p1P4/3L3/7 b  1
fen e5d4 7/2p4/3l1P1/3p3/p1P4/3L3/7 b  1
fen e5e4 7/2p4/3l1P1/4p2/p1P4/3L3/7 b  1
fen e5f4 7/2p4/3l1P1/5p1/p1P4/3L3/7 b  1

fen c5c4 7/2p4/3lpP1/2P4/p6/3L3/7 w  2
fen d5c5 7/2p4/2l1pP1/7/p6/3L3/7 b  1
fen d5d2 7/2p4/4pP1/7/p6/3l3/7 b  1
fen d5d6 7/2pl3/4pP1/7/p6/3L3/7 b  1
fen d5e6 7/2p1l2/4pP1/7/p6/3L3/7 b  1
fen a3a2 7/2p4/3lpP1/7/7/p2L3/7 b  1
fen a3a4 7/2p4/3lpP1/p6/7/3L3/7 b  1
fen a3a5 7/2p4/p2lpP1/7/7/3L3/7 b  1
fen a3b2 7/2p4/3lpP1/7/7/1p1L3/7 b  1
fen c6b5 7/7/1p1lpP1/7/p6/3L3/7 b  1
fen c6c5 7/7/2plpP1/7/p6/3L3/7 b  1
fen e5d4 7/2p4/3l1P1/3p3/p6/3L3/7 b  1
fen e5e4 7/2p4/3l1P1/4p2/p6/3L3/7 b  1
fen e5f4 7/2p4/3l1P1/5p1/p6/3L3/7 b  1

fen c5c6 7/2P4/3lpP1/7/p6/3L3/7 w  2
fen d5c5 7/2P4/2l1pP1/7/p6/3L3/7 b  1
fen d5c6 7/2l4/4pP1/7/p6/3L3/7 b  1
fen d5d2 7/2P4/4pP1/7/p6/3l3/7 b  1
fen d5d6 7/2Pl3/4pP1/7/p6/3L3/7 b  1
fen d5e6 7/2P1l2/4pP1/7/p6/3L3/7 b  1
fen a3a2 7/2P4/3lpP1/7/7/p2L3/7 b  1
fen a3a4 7/2P4/3lpP1/p6/7/3L3/7 b  1
fen a3a5 7/2P4/p2lpP1/7/7/3L3/7 b  1
fen a3b2 7/2P4/3lpP1/7/7/1p1L3/7 b  1
fen e5d4 7/2P4/3l1P1/3p3/p6/3L3/7 b  1
fen e5e4 7/2P4/3l1P1/4p2/p6/3L3/7 b  1
fen e5f4 7/2P4/3l1P1/5p1/p6/3L3/7 b  1

fen c5d6 7/2pP3/3lpP1/7/p6/3L3/7 w  2
fen d5c5 7/2pP3/2l1pP1/7/p6/3L3/7 b  1
fen d5d2 7/2pP3/4pP1/7/p6/3l3/7 b  1
fen d5d6 7/2pl3/4pP1/7/p6/3L3/7 b  1
fen d5e6 7/2pPl2/4pP1/7/p6/3L3/7 b  1
fen a3a2 7/2pP3/3lpP1/7/7/p2L3/7 b  1
fen a3a4 7/2pP3/3lpP1/p6/7/3L3/7 b  1
fen a3a5 7/2pP3/p2lpP1/7/7/3L3/7 b  1
fen a3b2 7/2pP3/3lpP1/7/7/1p1L3/7 b  1
fen c6b5 7/3P3/1p1lpP1/7/p6/3L3/7 b  1
fen c6c5 7/3P3/2plpP1/7/p6/3L3/7 b  1
fen e5d4 7/2pP3/3l1P1/3p3/p6/3L3/7 b  1
fen e5e4 7/2pP3/3l1P1/4p2/p6/3L3/7 b  1
fen e5f4 7/2pP3/3l1P1/5p1/p6/3L3/7 b  1

fen f5e6 7/2p1P2/2Plp2/7/p6/3L3/7 w  2
fen d5c5 7/2p1P2/2l1p2/7/p6/3L3/7 b  1
fen d5d2 7/2p1P2/2P1p2/7/p6/3l3/7 b  1
fen d5d6 7/2plP2/2P1p2/7/p6/3L3/7 b  1
fen d5e6 7/2p1l2/2P1p2/7/p6/3L3/7 b  1
fen a3a2 7/2p1P2/2Plp2/7/7/p2L3/7 b  1
fen a3a4 7/2p1P2/2Plp2/p6/7/3L3/7 b  1
fen a3a5 7/2p1P2/p1Plp2/7/7/3L3/7 b  1
fen a3b2 7/2p1P2/2Plp2/7/7/1p1L3/7 b  1
fen c6b5 7/4P2/1pPlp2/7/p6/3L3/7 b  1
fen c6c5 7/4P2/2plp2/7/p6/3L3/7 b  1
fen e5d4 7/2p1P2/2Pl3/3p3/p6/3L3/7 b  1
fen e5e4 7/2p1P2/2Pl3/4p2/p6/3L3/7 b  1
fen e5f4 7/2p1P2/2Pl3/5p1/p6/3L3/7 b  1

fen f5f3 7/2p4/2Plp2/7/p4P1/3L3/7 w  2
fen d5c5 7/2p4/2l1p2/7/p4P1/3L3/7 b  1
fen d5d2 7/2p4/2P1p2/7/p4P1/3l3/7 b  1
fen d5d6 7/2pl3/2P1p2/7/p4P1/3L3/7 b  1
fen d5e6 7/2p1l2/2P1p2/7/p4P1/3L3/7 b  1
fen a3a2 7/2p4/2Plp2/7/5P1/p2L3/7 b  1
fen a3a4 7/2p4/2Plp2/p6/5P1/3L3/7 b  1
fen a3a5 7/2p4/p1Plp2/7/5P1/3L3/7 b  1
fen a3b2 7/2p4/2Plp2/7/5P1/1p1L3/7 b  1
fen c6b5 7/7/1pPlp2/7/p4P1/3L3/7 b  1
fen c6c5 7/7/2plp2/7/p4P1/3L3/7 b  1
fen e5d4 7/2p4/2Pl3/3p3/p4P1/3L3/7 b  1
fen e5e4 7/2p4/2Pl3/4p2/p4P1/3L3/7 b  1
fen e5f4 7/2p4/2Pl3/5p1/p4P1/3L3/7 b  1

fen f5f4 7/2p4/2Plp2/5P1/p6/3L3/7 w  2
fen d5c5 7/2p4/2l1p2/7/p6/3L3/7 b  1
fen d5d2 7/2p4/2P1p2/7/p6/3l3/7 b  1
fen d5d6 7/2pl3/2P1p2/7/p6/3L3/7 b  1
fen d5e6 7/2p1l2/2P1p2/7/p6/3L3/7 b  1
fen a3a2 7/2p4/2Plp2/7/7/p2L3/7 b  1
fen a3a4 7/2p4/2Plp2/p6/7/3L3/7 b  1
fen a3a5 7/2p4/p1Plp2/7/7/3L3/7 b  1
fen a3b2 7/2p4/2Plp2/7/7/1p1L3/7 b  1
fen c6b5 7/7/1pPlp2/7/p6/3L3/7 b  1
fen c6c5 7/7/2plp2/7/p6/3L3/7 b  1
fen e5d4 7/2p4/2Pl3/3p3/p6/3L3/7 b  1
fen e5e4 7/2p4/2Pl3/4p2/p6/3L3/7 b  1
fen e5f4 7/2p4/2Pl3/5p1/p6/3L3/7 b  1

fen f5f6 7/2p2P1/2Plp2/7/p6/3L3/7 w  2
fen d5c5 7/2p2P1/2l1p2/7/p6/3L3/7 b  1
fen d5d2 7/2p2P1/2P1p2/7/p6/3l3/7 b  1
fen d5d6 7/2pl1P1/2P1p2/7/p6/3L3/7 b  1
fen d5e6 7/2p1lP1/2P1p2/7/p6/3L3/7 b  1
fen a3a2 7/2p2P1/2Plp2/7/7/p2L3/7 b  1
fen a3a4 7/2p2P1/2Plp2/p6/7/3L3/7 b  1
fen a3a5 7/2p2P1/p1Plp2/7/7/3L3/7 b  1
fen a3b2 7/2p2P1/2Plp2/7/7/1p1L3/7 b  1
fen c6b5 7/5P1/1pPlp2/7/p6/3L3/7 b  1
fen c6c5 7/5P1/2plp2/7/p6/3L3/7 b  1
fen e5d4 7/2p2P1/2Pl3/3p3/p6/3L3/7 b  1
fen e5e4 7/2p2P1/2Pl3/4p2/p6/3L3/7 b  1
fen e5f4 7/2p2P1/2Pl3/5p1/p6/3L3/7 b  1

fen f5g6 7/2p3P/2Plp2/7/p6/3L3/7 w  2
fen d5c5 7/2p3P/2l1p2/7/p6/3L3/7 b  1
fen d5d2 7/2p3P/2P1p2/7/p6/3l3/7 b  1
fen d5d6 7/2pl2P/2P1p2/7/p6/3L3/7 b  1
fen d5e6 7/2p1l1P/2P1p2/7/p6/3L3/7 b  1
fen a3a2 7/2p3P/2Plp2/7/7/p2L3/7 b  1
fen a3a4 7/2p3P/2Plp2/p6/7/3L3/7 b  1
fen a3a5 7/2p3P/p1Plp2/7/7/3L3/7 b  1
fen a3b2 7/2p3P/2Plp2/7/7/1p1L3/7 b  1
fen c6b5 7/6P/1pPlp2/7/p6/3L3/7 b  1
fen c6c5 7/6P/2plp2/7/p6/3L3/7 b  1
fen e5d4 7/2p3P/2Pl3/3p3/p6/3L3/7 b  1
fen e5e4 7/2p3P/2Pl3/4p2/p6/3L3/7 b  1
fen e5f4 7/2p3P/2Pl3/5p1/p6/3L3/7 b  1


100

